#
# A fatal error has been detected by the Java Runtime Environment:
#
#  EXCEPTION_ACCESS_VIOLATION (0xc0000005) at pc=0x55d6b836, pid=4196, tid=0x00001038
#
# JRE version: Java(TM) SE Runtime Environment (8.0_102-b14) (build 1.8.0_102-b14)
# Java VM: Java HotSpot(TM) Client VM (25.102-b14 mixed mode, sharing windows-x86 )
# Problematic frame:
# C  [glass.dll+0x1b836]
#
# Failed to write core dump. Minidumps are not enabled by default on client versions of Windows
#
# If you would like to submit a bug report, please visit:
#   http://bugreport.java.com/bugreport/crash.jsp
# The crash happened outside the Java Virtual Machine in native code.
# See problematic frame for where to report the bug.
#

---------------  T H R E A D  ---------------

Current thread (0x15274400):  JavaThread "JavaFX Application Thread" [_thread_in_native, id=4152, stack(0x15a60000,0x15ab0000)]

siginfo: ExceptionCode=0xc0000005, reading address 0x1a110f60

Registers:
EAX=0x001db101, EBX=0x15aadd30, ECX=0x1a110f60, EDX=0x00001db1
ESP=0x15aadbbc, EBP=0x00000000, ESI=0x002a6d74, EDI=0x765f154e
EIP=0x55d6b836, EFLAGS=0x00010206

Top of Stack: (sp=0x15aadbbc)
0x15aadbbc:   002a6d60 15aadd30 55d66d30 15aadd30
0x15aadbcc:   15aadd30 15aadd30 55d65068 00000401
0x15aadbdc:   55d58ab6 00120286 00226d10 00000000
0x15aadbec:   00000401 55d516ef 00000401 15aadd30
0x15aadbfc:   00000000 15aadc88 00000401 15aadc38
0x15aadc0c:   00000000 76b0c4e7 00120286 00000401
0x15aadc1c:   15aadd30 00000000 00000401 dcbaabcd
0x15aadc2c:   00000000 15aadc88 00000401 15aadcb0 

Instructions: (pc=0x55d6b836)
0x55d6b816:   d6 55 8b f1 ff d7 3c 06 77 0f ff d7 3c 06 75 45
0x55d6b826:   ff d7 c1 e8 08 3c 01 72 3c 8b 4e 20 85 c9 74 0d
0x55d6b836:   8b 01 51 ff 50 08 c7 46 20 00 00 00 00 8b 4e 24
0x55d6b846:   85 c9 74 0d 8b 01 51 ff 50 08 c7 46 24 00 00 00 


Register to memory mapping:

EAX=0x001db101 is an unknown value
EBX=0x15aadd30 is pointing into the stack for thread: 0x15274400
ECX=0x1a110f60 is an unknown value
EDX=0x00001db1 is an unknown value
ESP=0x15aadbbc is pointing into the stack for thread: 0x15274400
EBP=0x00000000 is an unknown value
ESI=0x002a6d74 is an unknown value
EDI=0x765f154e is an unknown value


Stack: [0x15a60000,0x15ab0000],  sp=0x15aadbbc,  free space=310k
Native frames: (J=compiled Java code, j=interpreted, Vv=VM code, C=native code)
C  [glass.dll+0x1b836]

Java frames: (J=compiled Java code, j=interpreted, Vv=VM code)
j  com.sun.glass.ui.win.WinWindow._close(J)Z+0
j  com.sun.glass.ui.Window.close()V+63
j  com.sun.glass.ui.win.WinWindow.close()V+8
j  com.sun.javafx.tk.quantum.WindowStage.lambda$close$392()Ljava/lang/Object;+24
j  com.sun.javafx.tk.quantum.WindowStage$$Lambda$345.get()Ljava/lang/Object;+4
j  com.sun.javafx.tk.quantum.QuantumToolkit.runWithRenderLock(Ljava/util/function/Supplier;)Ljava/lang/Object;+7
j  com.sun.javafx.tk.quantum.WindowStage.close()V+10
j  javafx.stage.Window$9.invalidated()V+548
J 1321 C1 javafx.beans.property.BooleanPropertyBase.set(Z)V (110 bytes) @ 0x01dc7318 [0x01dc7170+0x1a8]
j  javafx.stage.Window.setShowing(Z)V+11
j  javafx.stage.Window.hide()V+2
j  com.sun.javafx.stage.WindowCloseRequestHandler.dispatchBubblingEvent(Ljavafx/event/Event;)Ljavafx/event/Event;+14
J 1232 C1 com.sun.javafx.event.CompositeEventDispatcher.dispatchBubblingEvent(Ljavafx/event/Event;)Ljavafx/event/Event; (35 bytes) @ 0x01dad268 [0x01dad220+0x48]
J 1398 C1 com.sun.javafx.event.BasicEventDispatcher.dispatchEvent(Ljavafx/event/Event;Ljavafx/event/EventDispatchChain;)Ljavafx/event/Event; (44 bytes) @ 0x01de2bbc [0x01de2b30+0x8c]
J 1233 C1 com.sun.javafx.event.EventDispatchChainImpl.dispatchEvent(Ljavafx/event/Event;)Ljavafx/event/Event; (101 bytes) @ 0x01dad59c [0x01dad510+0x8c]
j  com.sun.javafx.event.EventUtil.fireEventImpl(Ljavafx/event/EventDispatchChain;Ljavafx/event/EventTarget;Ljavafx/event/Event;)Ljavafx/event/Event;+10
j  com.sun.javafx.event.EventUtil.fireEvent(Ljavafx/event/EventTarget;Ljavafx/event/Event;)Ljavafx/event/Event;+46
j  javafx.event.Event.fireEvent(Ljavafx/event/EventTarget;Ljavafx/event/Event;)V+30
j  com.sun.javafx.stage.WindowPeerListener.closing()V+18
j  com.sun.javafx.tk.quantum.GlassWindowEventHandler.run()Ljava/lang/Void;+560
j  com.sun.javafx.tk.quantum.GlassWindowEventHandler.run()Ljava/lang/Object;+1
v  ~StubRoutines::call_stub
j  java.security.AccessController.doPrivileged(Ljava/security/PrivilegedAction;Ljava/security/AccessControlContext;)Ljava/lang/Object;+0
j  com.sun.javafx.tk.quantum.GlassWindowEventHandler.lambda$handleWindowEvent$423()Ljava/lang/Void;+10
j  com.sun.javafx.tk.quantum.GlassWindowEventHandler$$Lambda$118.get()Ljava/lang/Object;+4
j  com.sun.javafx.tk.quantum.QuantumToolkit.runWithoutRenderLock(Ljava/util/function/Supplier;)Ljava/lang/Object;+18
j  com.sun.javafx.tk.quantum.GlassWindowEventHandler.handleWindowEvent(Lcom/sun/glass/ui/Window;JI)V+17
j  com.sun.glass.ui.Window.handleWindowEvent(JI)V+14
j  com.sun.glass.ui.Window.notifyClose()V+7
v  ~StubRoutines::call_stub
j  com.sun.glass.ui.win.WinApplication._runLoop(Ljava/lang/Runnable;)V+0
j  com.sun.glass.ui.win.WinApplication.lambda$null$148(ILjava/lang/Runnable;)V+8
j  com.sun.glass.ui.win.WinApplication$$Lambda$38.run()V+12
j  java.lang.Thread.run()V+11
v  ~StubRoutines::call_stub

---------------  P R O C E S S  ---------------

Java Threads: ( => current thread )
  0x17058000 JavaThread "Prism Font Disposer" daemon [_thread_blocked, id=2752, stack(0x1a070000,0x1a0c0000)]
  0x152a6400 JavaThread "JavaFX-Launcher" [_thread_blocked, id=1456, stack(0x16f00000,0x16f50000)]
  0x1529a000 JavaThread "Thread-2" daemon [_thread_in_native, id=4828, stack(0x153f0000,0x15440000)]
=>0x15274400 JavaThread "JavaFX Application Thread" [_thread_in_native, id=4152, stack(0x15a60000,0x15ab0000)]
  0x15236800 JavaThread "Thread-1" daemon [_thread_blocked, id=5312, stack(0x15320000,0x15370000)]
  0x1522f800 JavaThread "QuantumRenderer-0" daemon [_thread_blocked, id=5148, stack(0x15390000,0x153e0000)]
  0x00750000 JavaThread "Service Thread" daemon [_thread_blocked, id=2096, stack(0x14f80000,0x14fd0000)]
  0x00731000 JavaThread "C1 CompilerThread0" daemon [_thread_blocked, id=5852, stack(0x15030000,0x15080000)]
  0x0072fc00 JavaThread "Attach Listener" daemon [_thread_blocked, id=5476, stack(0x14810000,0x14860000)]
  0x0072cc00 JavaThread "Signal Dispatcher" daemon [_thread_blocked, id=5332, stack(0x13d00000,0x13d50000)]
  0x00721c00 JavaThread "Finalizer" daemon [_thread_blocked, id=4888, stack(0x14860000,0x148b0000)]
  0x006c5c00 JavaThread "Reference Handler" daemon [_thread_blocked, id=5036, stack(0x148e0000,0x14930000)]
  0x007cc400 JavaThread "main" [_thread_blocked, id=4524, stack(0x007d0000,0x00820000)]

Other Threads:
  0x006c1800 VMThread [stack: 0x13da0000,0x13df0000] [id=1296]
  0x00764800 WatcherThread [stack: 0x150d0000,0x15120000] [id=6064]

VM state:not at safepoint (normal execution)

VM Mutex/Monitor currently owned by a thread: None

Heap:
 def new generation   total 8064K, used 4972K [0x03c00000, 0x044c0000, 0x09150000)
  eden space 7168K,  56% used [0x03c00000, 0x03ffb0e0, 0x04300000)
  from space 896K, 100% used [0x04300000, 0x043e0000, 0x043e0000)
  to   space 896K,   0% used [0x043e0000, 0x043e0000, 0x044c0000)
 tenured generation   total 17792K, used 16384K [0x09150000, 0x0a2b0000, 0x13c00000)
   the space 17792K,  92% used [0x09150000, 0x0a150138, 0x0a150200, 0x0a2b0000)
 Metaspace       used 15701K, capacity 16463K, committed 16512K, reserved 16768K

Card table byte_map: [0x13c00000,0x13c90000] byte_map_base: 0x13be2000

Polling page: 0x00170000

CodeCache: size=32768Kb used=2776Kb max_used=2776Kb free=29991Kb
 bounds [0x01b50000, 0x01e08000, 0x03b50000]
 total_blobs=1935 nmethods=1507 adapters=358
 compilation: enabled

Compilation events (10 events):
Event: 25.668 Thread 0x00731000 1528             com.sun.glass.ui.Application::GetApplication (4 bytes)
Event: 25.668 Thread 0x00731000 nmethod 1528 0x01e04fc8 code [0x01e050c0, 0x01e05130]
Event: 25.673 Thread 0x00731000 1529             com.sun.javafx.tk.quantum.QuantumToolkit::postPulse (148 bytes)
Event: 25.675 Thread 0x00731000 nmethod 1529 0x01e05188 code [0x01e05380, 0x01e05970]
Event: 26.024 Thread 0x00731000 1530             java.lang.Math::abs (14 bytes)
Event: 26.024 Thread 0x00731000 nmethod 1530 0x01e05ec8 code [0x01e05fc0, 0x01e06050]
Event: 26.249 Thread 0x00731000 1531             com.sun.javafx.tk.quantum.QuantumToolkit$$Lambda$43/29289335::run (8 bytes)
Event: 26.250 Thread 0x00731000 nmethod 1531 0x01e06088 code [0x01e061a0, 0x01e06288]
Event: 26.250 Thread 0x00731000 1532   !         com.sun.javafx.tk.quantum.QuantumToolkit::lambda$runToolkit$405 (16 bytes)
Event: 26.250 Thread 0x00731000 nmethod 1532 0x01e06388 code [0x01e064a0, 0x01e06578]

GC Heap History (10 events):
Event: 12.602 GC heap before
{Heap before GC invocations=15 (full 1):
 def new generation   total 8064K, used 8064K [0x03c00000, 0x044c0000, 0x09150000)
  eden space 7168K, 100% used [0x03c00000, 0x04300000, 0x04300000)
  from space 896K, 100% used [0x043e0000, 0x044c0000, 0x044c0000)
  to   space 896K,   0% used [0x04300000, 0x04300000, 0x043e0000)
 tenured generation   total 17792K, used 11417K [0x09150000, 0x0a2b0000, 0x13c00000)
   the space 17792K,  64% used [0x09150000, 0x09c76720, 0x09c76800, 0x0a2b0000)
 Metaspace       used 13094K, capacity 13723K, committed 13824K, reserved 14720K
Event: 12.608 GC heap after
Heap after GC invocations=16 (full 1):
 def new generation   total 8064K, used 896K [0x03c00000, 0x044c0000, 0x09150000)
  eden space 7168K,   0% used [0x03c00000, 0x03c00000, 0x04300000)
  from space 896K, 100% used [0x04300000, 0x043e0000, 0x043e0000)
  to   space 896K,   0% used [0x043e0000, 0x043e0000, 0x044c0000)
 tenured generation   total 17792K, used 12714K [0x09150000, 0x0a2b0000, 0x13c00000)
   the space 17792K,  71% used [0x09150000, 0x09dba8b0, 0x09dbaa00, 0x0a2b0000)
 Metaspace       used 13094K, capacity 13723K, committed 13824K, reserved 14720K
}
Event: 12.789 GC heap before
{Heap before GC invocations=16 (full 1):
 def new generation   total 8064K, used 8064K [0x03c00000, 0x044c0000, 0x09150000)
  eden space 7168K, 100% used [0x03c00000, 0x04300000, 0x04300000)
  from space 896K, 100% used [0x04300000, 0x043e0000, 0x043e0000)
  to   space 896K,   0% used [0x043e0000, 0x043e0000, 0x044c0000)
 tenured generation   total 17792K, used 12714K [0x09150000, 0x0a2b0000, 0x13c00000)
   the space 17792K,  71% used [0x09150000, 0x09dba8b0, 0x09dbaa00, 0x0a2b0000)
 Metaspace       used 14101K, capacity 14747K, committed 14848K, reserved 15744K
Event: 12.793 GC heap after
Heap after GC invocations=17 (full 1):
 def new generation   total 8064K, used 896K [0x03c00000, 0x044c0000, 0x09150000)
  eden space 7168K,   0% used [0x03c00000, 0x03c00000, 0x04300000)
  from space 896K, 100% used [0x043e0000, 0x044c0000, 0x044c0000)
  to   space 896K,   0% used [0x04300000, 0x04300000, 0x043e0000)
 tenured generation   total 17792K, used 13665K [0x09150000, 0x0a2b0000, 0x13c00000)
   the space 17792K,  76% used [0x09150000, 0x09ea8588, 0x09ea8600, 0x0a2b0000)
 Metaspace       used 14101K, capacity 14747K, committed 14848K, reserved 15744K
}
Event: 12.919 GC heap before
{Heap before GC invocations=17 (full 1):
 def new generation   total 8064K, used 8064K [0x03c00000, 0x044c0000, 0x09150000)
  eden space 7168K, 100% used [0x03c00000, 0x04300000, 0x04300000)
  from space 896K, 100% used [0x043e0000, 0x044c0000, 0x044c0000)
  to   space 896K,   0% used [0x04300000, 0x04300000, 0x043e0000)
 tenured generation   total 17792K, used 13665K [0x09150000, 0x0a2b0000, 0x13c00000)
   the space 17792K,  76% used [0x09150000, 0x09ea8588, 0x09ea8600, 0x0a2b0000)
 Metaspace       used 14903K, capacity 15547K, committed 15616K, reserved 15744K
Event: 12.922 GC heap after
Heap after GC invocations=18 (full 1):
 def new generation   total 8064K, used 895K [0x03c00000, 0x044c0000, 0x09150000)
  eden space 7168K,   0% used [0x03c00000, 0x03c00000, 0x04300000)
  from space 896K,  99% used [0x04300000, 0x043dfff8, 0x043e0000)
  to   space 896K,   0% used [0x043e0000, 0x043e0000, 0x044c0000)
 tenured generation   total 17792K, used 14135K [0x09150000, 0x0a2b0000, 0x13c00000)
   the space 17792K,  79% used [0x09150000, 0x09f1df98, 0x09f1e000, 0x0a2b0000)
 Metaspace       used 14903K, capacity 15547K, committed 15616K, reserved 15744K
}
Event: 16.476 GC heap before
{Heap before GC invocations=18 (full 1):
 def new generation   total 8064K, used 8063K [0x03c00000, 0x044c0000, 0x09150000)
  eden space 7168K, 100% used [0x03c00000, 0x04300000, 0x04300000)
  from space 896K,  99% used [0x04300000, 0x043dfff8, 0x043e0000)
  to   space 896K,   0% used [0x043e0000, 0x043e0000, 0x044c0000)
 tenured generation   total 17792K, used 14135K [0x09150000, 0x0a2b0000, 0x13c00000)
   the space 17792K,  79% used [0x09150000, 0x09f1df98, 0x09f1e000, 0x0a2b0000)
 Metaspace       used 15202K, capacity 15890K, committed 16000K, reserved 16768K
Event: 16.490 GC heap after
Heap after GC invocations=19 (full 1):
 def new generation   total 8064K, used 896K [0x03c00000, 0x044c0000, 0x09150000)
  eden space 7168K,   0% used [0x03c00000, 0x03c00000, 0x04300000)
  from space 896K, 100% used [0x043e0000, 0x044c0000, 0x044c0000)
  to   space 896K,   0% used [0x04300000, 0x04300000, 0x043e0000)
 tenured generation   total 17792K, used 15275K [0x09150000, 0x0a2b0000, 0x13c00000)
   the space 17792K,  85% used [0x09150000, 0x0a03ad90, 0x0a03ae00, 0x0a2b0000)
 Metaspace       used 15202K, capacity 15890K, committed 16000K, reserved 16768K
}
Event: 17.498 GC heap before
{Heap before GC invocations=19 (full 1):
 def new generation   total 8064K, used 8064K [0x03c00000, 0x044c0000, 0x09150000)
  eden space 7168K, 100% used [0x03c00000, 0x04300000, 0x04300000)
  from space 896K, 100% used [0x043e0000, 0x044c0000, 0x044c0000)
  to   space 896K,   0% used [0x04300000, 0x04300000, 0x043e0000)
 tenured generation   total 17792K, used 15275K [0x09150000, 0x0a2b0000, 0x13c00000)
   the space 17792K,  85% used [0x09150000, 0x0a03ad90, 0x0a03ae00, 0x0a2b0000)
 Metaspace       used 15657K, capacity 16398K, committed 16512K, reserved 16768K
Event: 17.507 GC heap after
Heap after GC invocations=20 (full 1):
 def new generation   total 8064K, used 896K [0x03c00000, 0x044c0000, 0x09150000)
  eden space 7168K,   0% used [0x03c00000, 0x03c00000, 0x04300000)
  from space 896K, 100% used [0x04300000, 0x043e0000, 0x043e0000)
  to   space 896K,   0% used [0x043e0000, 0x043e0000, 0x044c0000)
 tenured generation   total 17792K, used 16384K [0x09150000, 0x0a2b0000, 0x13c00000)
   the space 17792K,  92% used [0x09150000, 0x0a150138, 0x0a150200, 0x0a2b0000)
 Metaspace       used 15657K, capacity 16398K, committed 16512K, reserved 16768K
}

Deoptimization events (0 events):
No events

Internal exceptions (10 events):
Event: 10.611 Thread 0x15274400 Exception <a 'java/io/IOException'> (0x03eb7988) thrown at [C:\re\workspace\8-2-build-windows-i586-cygwin\jdk8u102\7268\hotspot\src\share\vm\prims\jni.cpp, line 709]
Event: 10.784 Thread 0x15274400 Exception <a 'java/lang/ArrayIndexOutOfBoundsException'> (0x03d5e418) thrown at [C:\re\workspace\8-2-build-windows-i586-cygwin\jdk8u102\7268\hotspot\src\share\vm\runtime\sharedRuntime.cpp, line 605]
Event: 10.784 Thread 0x15274400 Exception <a 'java/lang/ArrayIndexOutOfBoundsException'> (0x03d5f620) thrown at [C:\re\workspace\8-2-build-windows-i586-cygwin\jdk8u102\7268\hotspot\src\share\vm\runtime\sharedRuntime.cpp, line 605]
Event: 10.784 Thread 0x15274400 Exception <a 'java/lang/ArrayIndexOutOfBoundsException'> (0x03d60920) thrown at [C:\re\workspace\8-2-build-windows-i586-cygwin\jdk8u102\7268\hotspot\src\share\vm\runtime\sharedRuntime.cpp, line 605]
Event: 10.788 Thread 0x15274400 Exception <a 'java/lang/ArrayIndexOutOfBoundsException'> (0x03d86958) thrown at [C:\re\workspace\8-2-build-windows-i586-cygwin\jdk8u102\7268\hotspot\src\share\vm\runtime\sharedRuntime.cpp, line 605]
Event: 10.788 Thread 0x15274400 Exception <a 'java/lang/ArrayIndexOutOfBoundsException'> (0x03d87908) thrown at [C:\re\workspace\8-2-build-windows-i586-cygwin\jdk8u102\7268\hotspot\src\share\vm\runtime\sharedRuntime.cpp, line 605]
Event: 12.857 Thread 0x15274400 Exception <a 'java/io/IOException'> (0x03fc9cd8) thrown at [C:\re\workspace\8-2-build-windows-i586-cygwin\jdk8u102\7268\hotspot\src\share\vm\prims\jni.cpp, line 709]
Event: 12.857 Thread 0x15274400 Exception <a 'java/io/IOException'> (0x03fca330) thrown at [C:\re\workspace\8-2-build-windows-i586-cygwin\jdk8u102\7268\hotspot\src\share\vm\prims\jni.cpp, line 709]
Event: 12.857 Thread 0x15274400 Exception <a 'java/io/IOException'> (0x03fca958) thrown at [C:\re\workspace\8-2-build-windows-i586-cygwin\jdk8u102\7268\hotspot\src\share\vm\prims\jni.cpp, line 709]
Event: 16.658 Thread 0x15274400 Exception <a 'java/lang/ArrayIndexOutOfBoundsException'> (0x03d974d0) thrown at [C:\re\workspace\8-2-build-windows-i586-cygwin\jdk8u102\7268\hotspot\src\share\vm\runtime\sharedRuntime.cpp, line 605]

Events (10 events):
Event: 26.983 loading class com/sun/javafx/tk/quantum/WindowStage
Event: 26.983 loading class com/sun/javafx/tk/quantum/WindowStage done
Event: 26.984 loading class com/sun/prism/GraphicsResource
Event: 26.984 loading class com/sun/prism/GraphicsResource done
Event: 26.984 loading class com/sun/prism/GraphicsResource
Event: 26.984 loading class com/sun/prism/GraphicsResource done
Event: 26.984 loading class com/sun/javafx/tk/quantum/ViewScene
Event: 26.984 loading class com/sun/javafx/tk/quantum/ViewScene done
Event: 26.985 loading class com/sun/javafx/tk/quantum/WindowStage
Event: 26.985 loading class com/sun/javafx/tk/quantum/WindowStage done


Dynamic libraries:
0x00860000 - 0x00893000 	C:\Program Files\Java\jre1.8.0_102\bin\javaw.exe
0x77200000 - 0x7733c000 	C:\Windows\SYSTEM32\ntdll.dll
0x765b0000 - 0x76684000 	C:\Windows\system32\kernel32.dll
0x755b0000 - 0x755fa000 	C:\Windows\system32\KERNELBASE.dll
0x76e80000 - 0x76f20000 	C:\Windows\system32\ADVAPI32.dll
0x76f20000 - 0x76fcc000 	C:\Windows\system32\msvcrt.dll
0x767d0000 - 0x767e9000 	C:\Windows\SYSTEM32\sechost.dll
0x764f0000 - 0x76591000 	C:\Windows\system32\RPCRT4.dll
0x76af0000 - 0x76bb9000 	C:\Windows\system32\USER32.dll
0x75850000 - 0x7589e000 	C:\Windows\system32\GDI32.dll
0x765a0000 - 0x765aa000 	C:\Windows\system32\LPK.dll
0x76840000 - 0x768dd000 	C:\Windows\system32\USP10.dll
0x74000000 - 0x7419e000 	C:\Windows\WinSxS\x86_microsoft.windows.common-controls_6595b64144ccf1df_6.0.7601.17514_none_41e6975e2bd6f2b2\COMCTL32.dll
0x76920000 - 0x76977000 	C:\Windows\system32\SHLWAPI.dll
0x77340000 - 0x7735f000 	C:\Windows\system32\IMM32.DLL
0x76bc0000 - 0x76c8c000 	C:\Windows\system32\MSCTF.dll
0x51740000 - 0x517ff000 	C:\Program Files\Java\jre1.8.0_102\bin\msvcr100.dll
0x51370000 - 0x5173d000 	C:\Program Files\Java\jre1.8.0_102\bin\client\jvm.dll
0x70dd0000 - 0x70dd7000 	C:\Windows\system32\WSOCK32.dll
0x768e0000 - 0x76915000 	C:\Windows\system32\WS2_32.dll
0x77360000 - 0x77366000 	C:\Windows\system32\NSI.dll
0x72000000 - 0x72032000 	C:\Windows\system32\WINMM.dll
0x74850000 - 0x74859000 	C:\Windows\system32\VERSION.dll
0x76ae0000 - 0x76ae5000 	C:\Windows\system32\PSAPI.DLL
0x60060000 - 0x6006c000 	C:\Program Files\Java\jre1.8.0_102\bin\verify.dll
0x5eda0000 - 0x5edc1000 	C:\Program Files\Java\jre1.8.0_102\bin\java.dll
0x5ffe0000 - 0x5fff3000 	C:\Program Files\Java\jre1.8.0_102\bin\zip.dll
0x758a0000 - 0x764ea000 	C:\Windows\system32\SHELL32.dll
0x76d20000 - 0x76e7c000 	C:\Windows\system32\ole32.dll
0x75350000 - 0x7535b000 	C:\Windows\system32\profapi.dll
0x543c0000 - 0x544ae000 	C:\Program Files\Java\jre1.8.0_102\bin\msvcr120.dll
0x53300000 - 0x53371000 	C:\Program Files\Java\jre1.8.0_102\bin\msvcp120.dll
0x5ed80000 - 0x5ed9e000 	C:\Program Files\Java\jre1.8.0_102\bin\prism_d3d.dll
0x559c0000 - 0x55b83000 	C:\Windows\system32\d3d9.dll
0x5fc90000 - 0x5fc96000 	C:\Windows\system32\d3d8thk.dll
0x73d20000 - 0x73d33000 	C:\Windows\system32\dwmapi.dll
0x74690000 - 0x746d0000 	C:\Windows\system32\uxtheme.dll
0x54fc0000 - 0x559b1000 	C:\Windows\system32\igdumdim32.dll
0x6b090000 - 0x6b404000 	C:\Windows\system32\igdusc32.dll
0x55d50000 - 0x55d83000 	C:\Program Files\Java\jre1.8.0_102\bin\glass.dll
0x773b0000 - 0x7742b000 	C:\Windows\system32\COMDLG32.dll
0x76c90000 - 0x76d1f000 	C:\Windows\system32\OLEAUT32.dll
0x752d0000 - 0x752dc000 	C:\Windows\system32\CRYPTBASE.dll
0x5ed60000 - 0x5ed71000 	C:\Program Files\Java\jre1.8.0_102\bin\javafx_font.dll
0x5c400000 - 0x5c50a000 	C:\Windows\system32\dwrite.dll
0x76fd0000 - 0x77053000 	C:\Windows\system32\CLBCatQ.DLL
0x73bf0000 - 0x73ceb000 	C:\Windows\system32\WindowsCodecs.dll
0x75280000 - 0x752cc000 	C:\Windows\system32\apphelp.dll
0x6ad20000 - 0x6afaa000 	C:\Acronics\TrueImageHome\tishell.dll
0x711c0000 - 0x711d2000 	C:\Windows\system32\MPR.dll
0x70f60000 - 0x7104b000 	C:\Windows\system32\dbghelp.dll
0x6ad10000 - 0x6ad16000 	C:\Windows\system32\IconCodecService.dll
0x6acd0000 - 0x6ad01000 	C:\Windows\system32\EhStorShell.dll
0x77060000 - 0x771fd000 	C:\Windows\system32\SETUPAPI.dll
0x75600000 - 0x75627000 	C:\Windows\system32\CFGMGR32.dll
0x75630000 - 0x75642000 	C:\Windows\system32\DEVOBJ.dll
0x74490000 - 0x74585000 	C:\Windows\system32\PROPSYS.dll
0x69420000 - 0x6982b000 	C:\PROGRA~1\MICROS~1\Office14\GROOVEEX.DLL
0x70eb0000 - 0x70f53000 	C:\Windows\WinSxS\x86_microsoft.vc90.crt_1fc8b3b9a1e18e3b_9.0.30729.4940_none_50916076bcb9a742\MSVCR90.dll
0x70860000 - 0x708ee000 	C:\Windows\WinSxS\x86_microsoft.vc90.crt_1fc8b3b9a1e18e3b_9.0.30729.4940_none_50916076bcb9a742\MSVCP90.dll
0x6aca0000 - 0x6accb000 	C:\Windows\WinSxS\x86_microsoft.vc90.atl_1fc8b3b9a1e18e3b_9.0.30729.4148_none_51ca66a2bbe76806\ATL90.DLL
0x69830000 - 0x69c3f000 	C:\PROGRA~1\COMMON~1\MICROS~1\OFFICE14\Cultures\office.odf
0x68ba0000 - 0x69416000 	C:\PROGRA~1\MICROS~1\Office14\1049\GrooveIntlResource.dll
0x6ac30000 - 0x6ac9a000 	C:\Windows\System32\cscui.dll
0x6ac20000 - 0x6ac29000 	C:\Windows\System32\CSCDLL.dll
0x6c8f0000 - 0x6c8fb000 	C:\Windows\system32\CSCAPI.dll
0x6abb0000 - 0x6ac20000 	C:\Windows\system32\ntshrui.dll
0x75010000 - 0x75029000 	C:\Windows\system32\srvcli.dll
0x73780000 - 0x7378a000 	C:\Windows\system32\slc.dll
0x5ffd0000 - 0x5ffdf000 	C:\Program Files\Java\jre1.8.0_102\bin\prism_common.dll
0x54b20000 - 0x54b36000 	C:\Program Files\Java\jre1.8.0_102\bin\net.dll
0x74db0000 - 0x74dec000 	C:\Windows\system32\mswsock.dll
0x74f80000 - 0x74f86000 	C:\Windows\System32\wship6.dll
0x748e0000 - 0x748e5000 	C:\Windows\System32\wshtcpip.dll
0x74c80000 - 0x74cc4000 	C:\Windows\system32\DNSAPI.dll
0x71c60000 - 0x71c7c000 	C:\Windows\system32\IPHLPAPI.DLL
0x71c40000 - 0x71c47000 	C:\Windows\system32\WINNSI.DLL
0x700f0000 - 0x700f6000 	C:\Windows\system32\rasadhlp.dll
0x71aa0000 - 0x71ad8000 	C:\Windows\System32\fwpuclnt.dll
0x74df0000 - 0x74e06000 	C:\Windows\system32\CRYPTSP.dll
0x74ba0000 - 0x74bdb000 	C:\Windows\system32\rsaenh.dll
0x749b0000 - 0x749c7000 	C:\Windows\system32\USERENV.dll
0x71b80000 - 0x71b92000 	C:\Windows\system32\dhcpcsvc.DLL
0x71b70000 - 0x71b7d000 	C:\Windows\system32\dhcpcsvc6.DLL
0x5ff50000 - 0x5ff5f000 	C:\Program Files\Java\jre1.8.0_102\bin\nio.dll
0x54b00000 - 0x54b20000 	C:\Program Files\Java\jre1.8.0_102\bin\sunec.dll
0x5fac0000 - 0x5fac9000 	C:\Program Files\Java\jre1.8.0_102\bin\sunmscapi.dll
0x75490000 - 0x755ad000 	C:\Windows\system32\CRYPT32.dll
0x753c0000 - 0x753cc000 	C:\Windows\system32\MSASN1.dll
0x737b0000 - 0x737c0000 	C:\Windows\system32\NLAapi.dll
0x70160000 - 0x70170000 	C:\Windows\system32\napinsp.dll
0x70140000 - 0x70152000 	C:\Windows\system32\pnrpnsp.dll
0x70100000 - 0x70108000 	C:\Windows\System32\winrnr.dll
0x70280000 - 0x7028d000 	C:\Windows\system32\wshbth.dll
0x1a9a0000 - 0x1aa1c000 	D:\Java\OPCClient\out\artifacts\OPCClient_jar\OPCClient_jar\lib\JCustomOpc.dll
0x75340000 - 0x7534e000 	C:\Windows\system32\RpcRtRemote.dll

VM Arguments:
java_command: D:\Java\OPCClient\out\artifacts\OPCClient_jar\OPCClient_jar\OPCClient.jar
java_class_path (initial): D:\Java\OPCClient\out\artifacts\OPCClient_jar\OPCClient_jar\OPCClient.jar
Launcher Type: SUN_STANDARD

Environment Variables:
JAVA_HOME=C:\Program Files\Java\jdk1.8.0_102
PATH=C:\Program Files\Rockwell Software\RSCommon;C:\Program Files\Common Files\ArchestrA\;C:\Program Files\Embarcadero\Studio\16.0\bin;C:\Users\Public\Documents\Embarcadero\Studio\16.0\Bpl;C:\Program Files\Embarcadero\Studio\16.0\bin64;C:\Users\Public\Documents\Embarcadero\Studio\16.0\Bpl\Win64;C:\ProgramData\Oracle\Java\javapath;c:\Program Files\Intel\iCLS Client\;C:\Windows\system32;C:\Windows;C:\Windows\System32\Wbem;C:\Windows\System32\WindowsPowerShell\v1.0\;C:\Program Files\Intel\Intel(R) Management Engine Components\DAL;C:\Program Files\Intel\Intel(R) Management Engine Components\IPT; C:\Program Files\Java\jdk1.8.0_102\bin;C:\Program Files\Common Files\Acronis\VirtualFile\;C:\Program Files\Common Files\Acronis\SnapAPI\;C:\Program Files\Windows Kits\8.1\Windows Performance Toolkit\;C:\Program Files\Microsoft SQL Server\110\Tools\Binn\;c:\OpenOPC\bin;C:\Program Files\Microsoft SQL Server\100\Tools\Binn\;C:\Program Files\Microsoft SQL Server\100\DTS\Binn\;C:\Program Files\Microsoft SQL Server\100\Tools\Binn\VSShell\Common7\IDE\;C:\Program Files\Microsoft Visual Studio 9.0\Common7\IDE\PrivateAssemblies\
USERNAME=RafikovAR
OS=Windows_NT
PROCESSOR_IDENTIFIER=x86 Family 6 Model 58 Stepping 9, GenuineIntel



---------------  S Y S T E M  ---------------

OS: Windows 7 Build 7601 (6.1.7601.17514)

CPU:total 4 (2 cores per cpu, 2 threads per core) family 6 model 58 stepping 9, cmov, cx8, fxsr, mmx, sse, sse2, sse3, ssse3, sse4.1, sse4.2, popcnt, avx, clmul, erms, ht, tsc, tscinvbit, tscinv

Memory: 4k page, physical 3008052k(674256k free), swap 6014348k(2805396k free)

vm_info: Java HotSpot(TM) Client VM (25.102-b14) for windows-x86 JRE (1.8.0_102-b14), built on Jun 22 2016 13:13:29 by "java_re" with MS VC++ 10.0 (VS2010)

time: Sun Aug 14 13:59:13 2016
elapsed time: 27 seconds (0d 0h 0m 27s)

